Flow report for super_mario
Sun Sep 17 05:30:01 2017
Quartus II Version 9.1 Build 350 03/24/2010 Service Pack 2 SJ Full Version


---------------------
; Table of Contents ;
---------------------
  1. Legal Notice
  2. Flow Summary
  3. Flow Settings
  4. Flow Non-Default Global Settings
  5. Flow Elapsed Time
  6. Flow OS Summary
  7. Flow Log



----------------
; Legal Notice ;
----------------
Copyright (C) 1991-2010 Altera Corporation
Your use of Altera Corporation's design tools, logic functions 
and other software and tools, and its AMPP partner logic 
functions, and any output files from any of the foregoing 
(including device programming or simulation files), and any 
associated documentation or information are expressly subject 
to the terms and conditions of the Altera Program License 
Subscription Agreement, Altera MegaCore Function License 
Agreement, or other applicable license agreement, including, 
without limitation, that your use is for the sole purpose of 
programming logic devices manufactured by Altera and sold by 
Altera or its authorized distributors.  Please refer to the 
applicable agreement for further details.



+------------------------------------------------------------------------------------+
; Flow Summary                                                                       ;
+------------------------------------+-----------------------------------------------+
; Flow Status                        ; Successful - Sun Sep 17 05:30:00 2017         ;
; Quartus II Version                 ; 9.1 Build 350 03/24/2010 SP 2 SJ Full Version ;
; Revision Name                      ; super_mario                                   ;
; Top-level Entity Name              ; super_mario                                   ;
; Family                             ; Cyclone II                                    ;
; Device                             ; EP2C35F672C6                                  ;
; Timing Models                      ; Final                                         ;
; Met timing requirements            ; No                                            ;
; Total logic elements               ; 31,955 / 33,216 ( 96 % )                      ;
;     Total combinational functions  ; 31,748 / 33,216 ( 96 % )                      ;
;     Dedicated logic registers      ; 1,684 / 33,216 ( 5 % )                        ;
; Total registers                    ; 1691                                          ;
; Total pins                         ; 94 / 475 ( 20 % )                             ;
; Total virtual pins                 ; 0                                             ;
; Total memory bits                  ; 6,208 / 483,840 ( 1 % )                       ;
; Embedded Multiplier 9-bit elements ; 2 / 70 ( 3 % )                                ;
; Total PLLs                         ; 1 / 4 ( 25 % )                                ;
+------------------------------------+-----------------------------------------------+


+-----------------------------------------+
; Flow Settings                           ;
+-------------------+---------------------+
; Option            ; Setting             ;
+-------------------+---------------------+
; Start date & time ; 09/17/2017 01:59:17 ;
; Main task         ; Compilation         ;
; Revision Name     ; super_mario         ;
+-------------------+---------------------+


+---------------------------------------------------------------------------------------------------------------------------------------------------------------------------------------------------------------------------------------------------------------------------------------------------+
; Flow Non-Default Global Settings                                                                                                                                                                                                                                                                  ;
+-------------------------------+------------------------------------------------------------------------------------------------------------------------------------------------------------------------------------------------------------------+---------------+-------------+------------------+
; Assignment Name               ; Value                                                                                                                                                                                                            ; Default Value ; Entity Name ; Section Id       ;
+-------------------------------+------------------------------------------------------------------------------------------------------------------------------------------------------------------------------------------------------------------+---------------+-------------+------------------+
; COMPILER_SIGNATURE_ID         ; 48710646988500.150560275608952                                                                                                                                                                                   ; --            ; --          ; --               ;
; ENABLE_SIGNALTAP              ; On                                                                                                                                                                                                               ; --            ; --          ; --               ;
; IP_TOOL_NAME                  ; LPM_COUNTER                                                                                                                                                                                                      ; --            ; --          ; --               ;
; IP_TOOL_NAME                  ; LPM_ADD_SUB                                                                                                                                                                                                      ; --            ; --          ; --               ;
; IP_TOOL_NAME                  ; LPM_CONSTANT                                                                                                                                                                                                     ; --            ; --          ; --               ;
; IP_TOOL_NAME                  ; LPM_ADD_SUB                                                                                                                                                                                                      ; --            ; --          ; --               ;
; IP_TOOL_NAME                  ; LPM_CONSTANT                                                                                                                                                                                                     ; --            ; --          ; --               ;
; IP_TOOL_NAME                  ; LPM_MUX                                                                                                                                                                                                          ; --            ; --          ; --               ;
; IP_TOOL_NAME                  ; LPM_CONSTANT                                                                                                                                                                                                     ; --            ; --          ; --               ;
; IP_TOOL_NAME                  ; LPM_MUX                                                                                                                                                                                                          ; --            ; --          ; --               ;
; IP_TOOL_VERSION               ; 9.1                                                                                                                                                                                                              ; --            ; --          ; --               ;
; IP_TOOL_VERSION               ; 9.1                                                                                                                                                                                                              ; --            ; --          ; --               ;
; IP_TOOL_VERSION               ; 9.1                                                                                                                                                                                                              ; --            ; --          ; --               ;
; IP_TOOL_VERSION               ; 9.1                                                                                                                                                                                                              ; --            ; --          ; --               ;
; IP_TOOL_VERSION               ; 9.1                                                                                                                                                                                                              ; --            ; --          ; --               ;
; IP_TOOL_VERSION               ; 9.1                                                                                                                                                                                                              ; --            ; --          ; --               ;
; IP_TOOL_VERSION               ; 9.1                                                                                                                                                                                                              ; --            ; --          ; --               ;
; IP_TOOL_VERSION               ; 9.1                                                                                                                                                                                                              ; --            ; --          ; --               ;
; MISC_FILE                     ; Z:/new mario/super_mario.dpf                                                                                                                                                                                     ; --            ; --          ; --               ;
; MISC_FILE                     ; sound/lpm_counter1.bsf                                                                                                                                                                                           ; --            ; --          ; --               ;
; MISC_FILE                     ; sound/lpm_counter1.cmp                                                                                                                                                                                           ; --            ; --          ; --               ;
; MISC_FILE                     ; lpm_add_sub0.bsf                                                                                                                                                                                                 ; --            ; --          ; --               ;
; MISC_FILE                     ; lpm_add_sub0.cmp                                                                                                                                                                                                 ; --            ; --          ; --               ;
; MISC_FILE                     ; lpm_constant0.bsf                                                                                                                                                                                                ; --            ; --          ; --               ;
; MISC_FILE                     ; lpm_constant0.cmp                                                                                                                                                                                                ; --            ; --          ; --               ;
; MISC_FILE                     ; lpm_add_sub1.bsf                                                                                                                                                                                                 ; --            ; --          ; --               ;
; MISC_FILE                     ; lpm_add_sub1.cmp                                                                                                                                                                                                 ; --            ; --          ; --               ;
; MISC_FILE                     ; lpm_constant1.bsf                                                                                                                                                                                                ; --            ; --          ; --               ;
; MISC_FILE                     ; lpm_constant1.cmp                                                                                                                                                                                                ; --            ; --          ; --               ;
; MISC_FILE                     ; lpm_mux0.bsf                                                                                                                                                                                                     ; --            ; --          ; --               ;
; MISC_FILE                     ; lpm_mux0.cmp                                                                                                                                                                                                     ; --            ; --          ; --               ;
; MISC_FILE                     ; lpm_constant2.bsf                                                                                                                                                                                                ; --            ; --          ; --               ;
; MISC_FILE                     ; lpm_constant2.cmp                                                                                                                                                                                                ; --            ; --          ; --               ;
; MISC_FILE                     ; lpm_mux1.bsf                                                                                                                                                                                                     ; --            ; --          ; --               ;
; MISC_FILE                     ; lpm_mux1.cmp                                                                                                                                                                                                     ; --            ; --          ; --               ;
; PARTITION_COLOR               ; 16764057                                                                                                                                                                                                         ; --            ; --          ; Top              ;
; PARTITION_NETLIST_TYPE        ; SOURCE                                                                                                                                                                                                           ; --            ; --          ; Top              ;
; SLD_NODE_CREATOR_ID           ; 110                                                                                                                                                                                                              ; --            ; --          ; auto_signaltap_0 ;
; SLD_NODE_ENTITY_NAME          ; sld_signaltap                                                                                                                                                                                                    ; --            ; --          ; auto_signaltap_0 ;
; SLD_NODE_PARAMETER_ASSIGNMENT ; SLD_DATA_BITS=54                                                                                                                                                                                                 ; --            ; --          ; auto_signaltap_0 ;
; SLD_NODE_PARAMETER_ASSIGNMENT ; SLD_TRIGGER_BITS=54                                                                                                                                                                                              ; --            ; --          ; auto_signaltap_0 ;
; SLD_NODE_PARAMETER_ASSIGNMENT ; SLD_NODE_INFO=805334528                                                                                                                                                                                          ; --            ; --          ; auto_signaltap_0 ;
; SLD_NODE_PARAMETER_ASSIGNMENT ; SLD_POWER_UP_TRIGGER=0                                                                                                                                                                                           ; --            ; --          ; auto_signaltap_0 ;
; SLD_NODE_PARAMETER_ASSIGNMENT ; SLD_STORAGE_QUALIFIER_INVERSION_MASK_LENGTH=0                                                                                                                                                                    ; --            ; --          ; auto_signaltap_0 ;
; SLD_NODE_PARAMETER_ASSIGNMENT ; SLD_ATTRIBUTE_MEM_MODE=OFF                                                                                                                                                                                       ; --            ; --          ; auto_signaltap_0 ;
; SLD_NODE_PARAMETER_ASSIGNMENT ; SLD_STATE_FLOW_USE_GENERATED=0                                                                                                                                                                                   ; --            ; --          ; auto_signaltap_0 ;
; SLD_NODE_PARAMETER_ASSIGNMENT ; SLD_STATE_BITS=11                                                                                                                                                                                                ; --            ; --          ; auto_signaltap_0 ;
; SLD_NODE_PARAMETER_ASSIGNMENT ; SLD_BUFFER_FULL_STOP=1                                                                                                                                                                                           ; --            ; --          ; auto_signaltap_0 ;
; SLD_NODE_PARAMETER_ASSIGNMENT ; SLD_CURRENT_RESOURCE_WIDTH=1                                                                                                                                                                                     ; --            ; --          ; auto_signaltap_0 ;
; SLD_NODE_PARAMETER_ASSIGNMENT ; SLD_NODE_CRC_LOWORD=59152                                                                                                                                                                                        ; --            ; --          ; auto_signaltap_0 ;
; SLD_NODE_PARAMETER_ASSIGNMENT ; SLD_TRIGGER_LEVEL=1                                                                                                                                                                                              ; --            ; --          ; auto_signaltap_0 ;
; SLD_NODE_PARAMETER_ASSIGNMENT ; SLD_TRIGGER_IN_ENABLED=0                                                                                                                                                                                         ; --            ; --          ; auto_signaltap_0 ;
; SLD_NODE_PARAMETER_ASSIGNMENT ; SLD_ADVANCED_TRIGGER_ENTITY=basic,1,                                                                                                                                                                             ; --            ; --          ; auto_signaltap_0 ;
; SLD_NODE_PARAMETER_ASSIGNMENT ; SLD_TRIGGER_LEVEL_PIPELINE=1                                                                                                                                                                                     ; --            ; --          ; auto_signaltap_0 ;
; SLD_NODE_PARAMETER_ASSIGNMENT ; SLD_ENABLE_ADVANCED_TRIGGER=0                                                                                                                                                                                    ; --            ; --          ; auto_signaltap_0 ;
; SLD_NODE_PARAMETER_ASSIGNMENT ; SLD_INVERSION_MASK=000000000000000000000000000000000000000000000000000000000000000000000000000000000000000000000000000000000000000000000000000000000000000000000000000000000000000000000000000000000000000000000 ; --            ; --          ; auto_signaltap_0 ;
; SLD_NODE_PARAMETER_ASSIGNMENT ; SLD_INVERSION_MASK_LENGTH=189                                                                                                                                                                                    ; --            ; --          ; auto_signaltap_0 ;
; SLD_NODE_PARAMETER_ASSIGNMENT ; SLD_SEGMENT_SIZE=8192                                                                                                                                                                                            ; --            ; --          ; auto_signaltap_0 ;
; SLD_NODE_PARAMETER_ASSIGNMENT ; SLD_NODE_CRC_HIWORD=30457                                                                                                                                                                                        ; --            ; --          ; auto_signaltap_0 ;
; SLD_NODE_PARAMETER_ASSIGNMENT ; SLD_SAMPLE_DEPTH=8192                                                                                                                                                                                            ; --            ; --          ; auto_signaltap_0 ;
; USE_SIGNALTAP_FILE            ; stp2.stp                                                                                                                                                                                                         ; --            ; --          ; --               ;
+-------------------------------+------------------------------------------------------------------------------------------------------------------------------------------------------------------------------------------------------------------+---------------+-------------+------------------+


+-----------------------------------------------------------------------------------------------------------------------------+
; Flow Elapsed Time                                                                                                           ;
+-------------------------+--------------+-------------------------+---------------------+------------------------------------+
; Module Name             ; Elapsed Time ; Average Processors Used ; Peak Virtual Memory ; Total CPU Time (on all processors) ;
+-------------------------+--------------+-------------------------+---------------------+------------------------------------+
; Analysis & Synthesis    ; 00:02:07     ; 1.0                     ; 336 MB              ; 00:02:06                           ;
; Fitter                  ; 00:00:12     ; 1.0                     ; 332 MB              ; 00:00:12                           ;
; Analysis & Synthesis    ; 00:00:28     ; 1.0                     ; 312 MB              ; 00:00:10                           ;
; Partition Merge         ; 00:00:05     ; 1.0                     ; 239 MB              ; 00:00:03                           ;
; Fitter                  ; 00:00:50     ; 3.0                     ; 404 MB              ; 00:01:26                           ;
; Assembler               ; 00:00:05     ; 1.0                     ; 285 MB              ; 00:00:02                           ;
; Classic Timing Analyzer ; 00:00:05     ; 1.0                     ; 257 MB              ; 00:00:03                           ;
; Analysis & Synthesis    ; 00:00:12     ; 1.0                     ; 274 MB              ; 00:00:06                           ;
; Analysis & Synthesis    ; 00:02:19     ; 1.0                     ; 341 MB              ; 00:02:09                           ;
; Partition Merge         ; 00:00:05     ; 1.0                     ; 264 MB              ; 00:00:03                           ;
; Fitter                  ; 00:00:50     ; 2.9                     ; 416 MB              ; 00:01:29                           ;
; Assembler               ; 00:00:04     ; 1.0                     ; 285 MB              ; 00:00:03                           ;
; Classic Timing Analyzer ; 00:00:04     ; 1.0                     ; 257 MB              ; 00:00:03                           ;
; Analysis & Synthesis    ; 00:02:41     ; 1.0                     ; 351 MB              ; 00:02:31                           ;
; Partition Merge         ; 00:00:04     ; 1.0                     ; 264 MB              ; 00:00:03                           ;
; Fitter                  ; 00:00:55     ; 2.7                     ; 425 MB              ; 00:01:39                           ;
; Assembler               ; 00:00:05     ; 1.0                     ; 287 MB              ; 00:00:03                           ;
; Classic Timing Analyzer ; 00:00:04     ; 1.0                     ; 271 MB              ; 00:00:03                           ;
; Analysis & Synthesis    ; 00:10:18     ; 1.0                     ; 499 MB              ; 00:10:34                           ;
; Partition Merge         ; 00:00:05     ; 1.0                     ; 275 MB              ; 00:00:03                           ;
; Fitter                  ; 00:02:25     ; 2.8                     ; 506 MB              ; 00:04:03                           ;
; Assembler               ; 00:00:05     ; 1.0                     ; 307 MB              ; 00:00:03                           ;
; Classic Timing Analyzer ; 00:00:06     ; 1.0                     ; 336 MB              ; 00:00:05                           ;
; Analysis & Synthesis    ; 00:13:03     ; 1.0                     ; 525 MB              ; 00:12:50                           ;
; Partition Merge         ; 00:00:06     ; 1.0                     ; 298 MB              ; 00:00:04                           ;
; Fitter                  ; 00:00:20     ; 1.5                     ; 391 MB              ; 00:00:20                           ;
; Analysis & Synthesis    ; 00:00:17     ; 1.0                     ; 438 MB              ; 00:00:10                           ;
; Analysis & Synthesis    ; 00:12:54     ; 1.0                     ; 485 MB              ; 00:12:51                           ;
; Partition Merge         ; 00:00:04     ; 1.0                     ; 260 MB              ; 00:00:03                           ;
; Fitter                  ; 00:00:20     ; 1.5                     ; 364 MB              ; 00:00:20                           ;
; Analysis & Synthesis    ; 00:00:09     ; 1.0                     ; 266 MB              ; 00:00:04                           ;
; Analysis & Synthesis    ; 00:00:19     ; 1.0                     ; 431 MB              ; 00:00:13                           ;
; Analysis & Synthesis    ; 00:00:16     ; 1.0                     ; 430 MB              ; 00:00:09                           ;
; Analysis & Synthesis    ; 00:12:01     ; 1.0                     ; 485 MB              ; 00:11:57                           ;
; Partition Merge         ; 00:00:05     ; 1.0                     ; 260 MB              ; 00:00:03                           ;
; Fitter                  ; 00:00:19     ; 1.0                     ; 364 MB              ; 00:00:20                           ;
; Analysis & Synthesis    ; 00:00:09     ; 1.0                     ; 266 MB              ; 00:00:05                           ;
; Analysis & Synthesis    ; 00:03:04     ; 1.0                     ; 353 MB              ; 00:02:59                           ;
; Partition Merge         ; 00:00:04     ; 1.0                     ; 245 MB              ; 00:00:02                           ;
; Fitter                  ; 00:01:01     ; 3.0                     ; 428 MB              ; 00:01:54                           ;
; Assembler               ; 00:00:05     ; 1.0                     ; 292 MB              ; 00:00:03                           ;
; Classic Timing Analyzer ; 00:00:05     ; 1.0                     ; 286 MB              ; 00:00:04                           ;
; Analysis & Synthesis    ; 00:03:13     ; 1.0                     ; 373 MB              ; 00:03:27                           ;
; Partition Merge         ; 00:00:04     ; 1.0                     ; 270 MB              ; 00:00:04                           ;
; Fitter                  ; 00:01:06     ; 3.1                     ; 447 MB              ; 00:02:14                           ;
; Assembler               ; 00:00:05     ; 1.0                     ; 292 MB              ; 00:00:03                           ;
; Classic Timing Analyzer ; 00:00:06     ; 1.0                     ; 286 MB              ; 00:00:04                           ;
; Analysis & Synthesis    ; 00:00:22     ; 1.0                     ; 346 MB              ; 00:00:12                           ;
; Partition Merge         ; 00:00:07     ; 1.0                     ; 287 MB              ; 00:00:04                           ;
; Fitter                  ; 00:00:32     ; 2.0                     ; 431 MB              ; 00:00:41                           ;
; Assembler               ; 00:00:05     ; 1.0                     ; 292 MB              ; 00:00:03                           ;
; Classic Timing Analyzer ; 00:00:05     ; 1.0                     ; 286 MB              ; 00:00:04                           ;
; Analysis & Synthesis    ; 00:07:49     ; 1.0                     ; 444 MB              ; 00:07:46                           ;
; Partition Merge         ; 00:00:05     ; 1.0                     ; 274 MB              ; 00:00:03                           ;
; Fitter                  ; 00:01:44     ; 3.0                     ; 493 MB              ; 00:03:14                           ;
; Assembler               ; 00:00:05     ; 1.0                     ; 304 MB              ; 00:00:03                           ;
; Classic Timing Analyzer ; 00:00:06     ; 1.0                     ; 326 MB              ; 00:00:04                           ;
; Total                   ; 01:24:29     ; --                      ; --                  ; 01:29:39                           ;
+-------------------------+--------------+-------------------------+---------------------+------------------------------------+


+------------------------------------------------------------------------------------------+
; Flow OS Summary                                                                          ;
+-------------------------+------------------+---------------+------------+----------------+
; Module Name             ; Machine Hostname ; OS Name       ; OS Version ; Processor type ;
+-------------------------+------------------+---------------+------------+----------------+
; Analysis & Synthesis    ; EE-206-26        ; Windows Vista ; 6.1        ; x86_64         ;
; Fitter                  ; EE-206-26        ; Windows Vista ; 6.1        ; x86_64         ;
; Analysis & Synthesis    ; EE-206-26        ; Windows Vista ; 6.1        ; x86_64         ;
; Partition Merge         ; EE-206-26        ; Windows Vista ; 6.1        ; x86_64         ;
; Fitter                  ; EE-206-26        ; Windows Vista ; 6.1        ; x86_64         ;
; Assembler               ; EE-206-26        ; Windows Vista ; 6.1        ; x86_64         ;
; Classic Timing Analyzer ; EE-206-26        ; Windows Vista ; 6.1        ; x86_64         ;
; Analysis & Synthesis    ; EE-206-26        ; Windows Vista ; 6.1        ; x86_64         ;
; Analysis & Synthesis    ; EE-206-26        ; Windows Vista ; 6.1        ; x86_64         ;
; Partition Merge         ; EE-206-26        ; Windows Vista ; 6.1        ; x86_64         ;
; Fitter                  ; EE-206-26        ; Windows Vista ; 6.1        ; x86_64         ;
; Assembler               ; EE-206-26        ; Windows Vista ; 6.1        ; x86_64         ;
; Classic Timing Analyzer ; EE-206-26        ; Windows Vista ; 6.1        ; x86_64         ;
; Analysis & Synthesis    ; EE-206-26        ; Windows Vista ; 6.1        ; x86_64         ;
; Partition Merge         ; EE-206-26        ; Windows Vista ; 6.1        ; x86_64         ;
; Fitter                  ; EE-206-26        ; Windows Vista ; 6.1        ; x86_64         ;
; Assembler               ; EE-206-26        ; Windows Vista ; 6.1        ; x86_64         ;
; Classic Timing Analyzer ; EE-206-26        ; Windows Vista ; 6.1        ; x86_64         ;
; Analysis & Synthesis    ; EE-206-26        ; Windows Vista ; 6.1        ; x86_64         ;
; Partition Merge         ; EE-206-26        ; Windows Vista ; 6.1        ; x86_64         ;
; Fitter                  ; EE-206-26        ; Windows Vista ; 6.1        ; x86_64         ;
; Assembler               ; EE-206-26        ; Windows Vista ; 6.1        ; x86_64         ;
; Classic Timing Analyzer ; EE-206-26        ; Windows Vista ; 6.1        ; x86_64         ;
; Analysis & Synthesis    ; EE-206-26        ; Windows Vista ; 6.1        ; x86_64         ;
; Partition Merge         ; EE-206-26        ; Windows Vista ; 6.1        ; x86_64         ;
; Fitter                  ; EE-206-26        ; Windows Vista ; 6.1        ; x86_64         ;
; Analysis & Synthesis    ; EE-206-26        ; Windows Vista ; 6.1        ; x86_64         ;
; Analysis & Synthesis    ; EE-206-26        ; Windows Vista ; 6.1        ; x86_64         ;
; Partition Merge         ; EE-206-26        ; Windows Vista ; 6.1        ; x86_64         ;
; Fitter                  ; EE-206-26        ; Windows Vista ; 6.1        ; x86_64         ;
; Analysis & Synthesis    ; EE-206-26        ; Windows Vista ; 6.1        ; x86_64         ;
; Analysis & Synthesis    ; EE-206-26        ; Windows Vista ; 6.1        ; x86_64         ;
; Analysis & Synthesis    ; EE-206-26        ; Windows Vista ; 6.1        ; x86_64         ;
; Analysis & Synthesis    ; EE-206-26        ; Windows Vista ; 6.1        ; x86_64         ;
; Partition Merge         ; EE-206-26        ; Windows Vista ; 6.1        ; x86_64         ;
; Fitter                  ; EE-206-26        ; Windows Vista ; 6.1        ; x86_64         ;
; Analysis & Synthesis    ; EE-206-26        ; Windows Vista ; 6.1        ; x86_64         ;
; Analysis & Synthesis    ; EE-206-26        ; Windows Vista ; 6.1        ; x86_64         ;
; Partition Merge         ; EE-206-26        ; Windows Vista ; 6.1        ; x86_64         ;
; Fitter                  ; EE-206-26        ; Windows Vista ; 6.1        ; x86_64         ;
; Assembler               ; EE-206-26        ; Windows Vista ; 6.1        ; x86_64         ;
; Classic Timing Analyzer ; EE-206-26        ; Windows Vista ; 6.1        ; x86_64         ;
; Analysis & Synthesis    ; EE-206-26        ; Windows Vista ; 6.1        ; x86_64         ;
; Partition Merge         ; EE-206-26        ; Windows Vista ; 6.1        ; x86_64         ;
; Fitter                  ; EE-206-26        ; Windows Vista ; 6.1        ; x86_64         ;
; Assembler               ; EE-206-26        ; Windows Vista ; 6.1        ; x86_64         ;
; Classic Timing Analyzer ; EE-206-26        ; Windows Vista ; 6.1        ; x86_64         ;
; Analysis & Synthesis    ; EE-206-26        ; Windows Vista ; 6.1        ; x86_64         ;
; Partition Merge         ; EE-206-26        ; Windows Vista ; 6.1        ; x86_64         ;
; Fitter                  ; EE-206-26        ; Windows Vista ; 6.1        ; x86_64         ;
; Assembler               ; EE-206-26        ; Windows Vista ; 6.1        ; x86_64         ;
; Classic Timing Analyzer ; EE-206-26        ; Windows Vista ; 6.1        ; x86_64         ;
; Analysis & Synthesis    ; EE-206-26        ; Windows Vista ; 6.1        ; x86_64         ;
; Partition Merge         ; EE-206-26        ; Windows Vista ; 6.1        ; x86_64         ;
; Fitter                  ; EE-206-26        ; Windows Vista ; 6.1        ; x86_64         ;
; Assembler               ; EE-206-26        ; Windows Vista ; 6.1        ; x86_64         ;
; Classic Timing Analyzer ; EE-206-26        ; Windows Vista ; 6.1        ; x86_64         ;
+-------------------------+------------------+---------------+------------+----------------+


------------
; Flow Log ;
------------
quartus_map --read_settings_files=on --write_settings_files=off super_mario -c super_mario
quartus_fit --read_settings_files=off --write_settings_files=off super_mario -c super_mario
quartus_map --read_settings_files=on --write_settings_files=off super_mario -c super_mario
quartus_cdb --read_settings_files=off --write_settings_files=off super_mario -c super_mario --merge=on
quartus_fit --read_settings_files=off --write_settings_files=off super_mario -c super_mario
quartus_asm --read_settings_files=off --write_settings_files=off super_mario -c super_mario
quartus_tan --read_settings_files=off --write_settings_files=off super_mario -c super_mario --timing_analysis_only
quartus_map --read_settings_files=on --write_settings_files=off super_mario -c super_mario
quartus_map --read_settings_files=on --write_settings_files=off super_mario -c super_mario
quartus_cdb --read_settings_files=off --write_settings_files=off super_mario -c super_mario --merge=on
quartus_fit --read_settings_files=off --write_settings_files=off super_mario -c super_mario
quartus_asm --read_settings_files=off --write_settings_files=off super_mario -c super_mario
quartus_tan --read_settings_files=off --write_settings_files=off super_mario -c super_mario --timing_analysis_only
quartus_map --read_settings_files=on --write_settings_files=off super_mario -c super_mario
quartus_cdb --read_settings_files=off --write_settings_files=off super_mario -c super_mario --merge=on
quartus_fit --read_settings_files=off --write_settings_files=off super_mario -c super_mario
quartus_asm --read_settings_files=off --write_settings_files=off super_mario -c super_mario
quartus_tan --read_settings_files=off --write_settings_files=off super_mario -c super_mario --timing_analysis_only
quartus_map --read_settings_files=on --write_settings_files=off super_mario -c super_mario
quartus_cdb --read_settings_files=off --write_settings_files=off super_mario -c super_mario --merge=on
quartus_fit --read_settings_files=off --write_settings_files=off super_mario -c super_mario
quartus_asm --read_settings_files=off --write_settings_files=off super_mario -c super_mario
quartus_tan --read_settings_files=off --write_settings_files=off super_mario -c super_mario --timing_analysis_only
quartus_map --read_settings_files=on --write_settings_files=off super_mario -c super_mario
quartus_cdb --read_settings_files=off --write_settings_files=off super_mario -c super_mario --merge=on
quartus_fit --read_settings_files=off --write_settings_files=off super_mario -c super_mario
quartus_map --read_settings_files=on --write_settings_files=off super_mario -c super_mario
quartus_map --read_settings_files=on --write_settings_files=off super_mario -c super_mario
quartus_cdb --read_settings_files=off --write_settings_files=off super_mario -c super_mario --merge=on
quartus_fit --read_settings_files=off --write_settings_files=off super_mario -c super_mario
quartus_map --read_settings_files=on --write_settings_files=off super_mario -c super_mario
quartus_map --read_settings_files=on --write_settings_files=off super_mario -c super_mario
quartus_map --read_settings_files=on --write_settings_files=off super_mario -c super_mario
quartus_map --read_settings_files=on --write_settings_files=off super_mario -c super_mario
quartus_cdb --read_settings_files=off --write_settings_files=off super_mario -c super_mario --merge=on
quartus_fit --read_settings_files=off --write_settings_files=off super_mario -c super_mario
quartus_map --read_settings_files=on --write_settings_files=off super_mario -c super_mario
quartus_map --read_settings_files=on --write_settings_files=off super_mario -c super_mario
quartus_cdb --read_settings_files=off --write_settings_files=off super_mario -c super_mario --merge=on
quartus_fit --read_settings_files=off --write_settings_files=off super_mario -c super_mario
quartus_asm --read_settings_files=off --write_settings_files=off super_mario -c super_mario
quartus_tan --read_settings_files=off --write_settings_files=off super_mario -c super_mario --timing_analysis_only
quartus_map --read_settings_files=on --write_settings_files=off super_mario -c super_mario
quartus_cdb --read_settings_files=off --write_settings_files=off super_mario -c super_mario --merge=on
quartus_fit --read_settings_files=off --write_settings_files=off super_mario -c super_mario
quartus_asm --read_settings_files=off --write_settings_files=off super_mario -c super_mario
quartus_tan --read_settings_files=off --write_settings_files=off super_mario -c super_mario --timing_analysis_only
quartus_map --read_settings_files=on --write_settings_files=off super_mario -c super_mario
quartus_cdb --read_settings_files=off --write_settings_files=off super_mario -c super_mario --merge=on
quartus_fit --read_settings_files=off --write_settings_files=off super_mario -c super_mario
quartus_asm --read_settings_files=off --write_settings_files=off super_mario -c super_mario
quartus_tan --read_settings_files=off --write_settings_files=off super_mario -c super_mario --timing_analysis_only
quartus_map --read_settings_files=on --write_settings_files=off super_mario -c super_mario
quartus_cdb --read_settings_files=off --write_settings_files=off super_mario -c super_mario --merge=on
quartus_fit --read_settings_files=off --write_settings_files=off super_mario -c super_mario
quartus_asm --read_settings_files=off --write_settings_files=off super_mario -c super_mario
quartus_tan --read_settings_files=off --write_settings_files=off super_mario -c super_mario --timing_analysis_only



